<?xml version="1.0" encoding="UTF-8"?>
<!-- Generated by org.testng.reporters.JUnitReportReporter -->
<testsuite skipped="0" hostname="DESKTOP-47Q31E1" name="com.nopcommers.project.Testcases.TC_Catalog" tests="1" failures="0" timestamp="2020-07-03T05:00:05 PDT" time="37.814" errors="0">
  <testcase name="catalogProducts" time="37.814" classname="com.nopcommers.project.Testcases.TC_Catalog"/>
  <system-out/>
</testsuite> <!-- com.nopcommers.project.Testcases.TC_Catalog -->
